This is pdfTeX, Version 3.14159265-2.6-1.40.21 (TeX Live 2020/Arch Linux) (preloaded format=pdflatex 2020.10.2)  18 DEC 2020 16:42
entering extended mode
 restricted \write18 enabled.
 %&-line parsing enabled.
**printf.c
(./printf.c
LaTeX2e <2020-02-02> patch level 5
L3 programming layer <2020-06-03>
! You can't use `macro parameter character #' in vertical mode.
l.1 #
     include <limits.h>
? :q
Type <return> to proceed, S to scroll future error messages,
R to run without stopping, Q to run quietly,
I to insert something, E to edit your file,
1 or ... or 9 to ignore the next 1 to 9 tokens of input,
H for help, X to quit.
? 
! Interruption.
<to be read again> 
                   i
l.1 #i
      nclude <limits.h>
? ex
 
Here is how much of TeX's memory you used:
 17 strings out of 480478
 387 string characters out of 5905959
 239147 words of memory out of 5000000
 16142 multiletter control sequences out of 15000+600000
 532338 words of font info for 24 fonts, out of 8000000 for 9000
 1141 hyphenation exceptions out of 8191
 12i,0n,15p,59b,8s stack positions out of 5000i,500n,10000p,200000b,80000s
No pages of output.
PDF statistics:
 0 PDF objects out of 1000 (max. 8388607)
 0 named destinations out of 1000 (max. 500000)
 1 words of extra memory for PDF output out of 10000 (max. 10000000)

